ID	OneHundredDoors
SEMICOLON
VAR
ID	doors
COLON
ID	Array
LBRACK
INT_CONST	1
RANGE
INT_CONST	100
RBRACK
OF
PREDEFINED ID	Boolean
SEMICOLON
ID	i
COMMA
ID	j
COLON
PREDEFINED ID	integer
SEMICOLON
BEGIN
ID	for
ID	i
ASSIGN
INT_CONST	1
ID	to
INT_CONST	100
DO
ID	doors
LBRACK
ID	i
RBRACK
ASSIGN
PREDEFINED ID	False
SEMICOLON
ID	for
ID	i
ASSIGN
INT_CONST	1
ID	to
INT_CONST	100
DO
BEGIN
ID	j
ASSIGN
ID	i
SEMICOLON
WHILE
ID	j
LTOREQ
INT_CONST	100
DO
BEGIN
ID	doors
LBRACK
ID	j
RBRACK
ASSIGN
NOT
ID	doors
LBRACK
ID	j
RBRACK
SEMICOLON
ID	j
ASSIGN
ID	j
PLUS
ID	i
END
END
SEMICOLON
ID	for
ID	i
ASSIGN
INT_CONST	1
ID	to
INT_CONST	100
DO
BEGIN
WRITE
LPAREN
ID	i
COMMA
CHAR_CONST	 
RPAREN
SEMICOLON
IF
ID	doors
LBRACK
ID	i
RBRACK
THEN
WRITE
LPAREN
CHAR_CONST	open
RPAREN
ELSE
WRITE
LPAREN
CHAR_CONST	closed
RPAREN
SEMICOLON
END
END
PERIOD
