PLUS
PLUS
ID	a	INTEGER
ASSIGN
QUOTE
STRING	hell o
QUOTE
SEMICOLON
ID	b	REAL
ASSIGN
TIMES
POWER
PLUS
MINUS
DIV
LPAREN
RPAREN
QUOTE
STRING	
QUOTE
SEMICOLON
INT_CONST	123
ID	ab	INTEGER
TIMES
LEXICAL ERROR: Didn't find ID Type! Check your whitespace or ID syntax!
SEMICOLON
ID	dsfkew	STRING
ASSIGN
QUOTE
LEXICAL ERROR: Incorrect String Format. Are you missing a "? 
ID	robert	INTEGER
ASSIGN
INT_CONST	10
SEMICOLON
ID	you	INTEGER
ASSIGN
INT_CONST	5
SEMICOLON
ID	together	INTEGER
ASSIGN
ID	robert	INTEGER
TIMES
ID	you	INTEGER
SEMICOLON
ID	str1	STRING
ASSIGN
QUOTE
STRING	wooo you go robert
QUOTE
SEMICOLON
PRINT
ID	str1	STRING
SEMICOLON
