ID	cookies	INTEGER
ASSIGN
INT_CONST	10
SEMICOLON
ID	price	REAL
ASSIGN
REAL_CONST	1.75
SEMICOLON
ID	subtotal	REAL
ASSIGN
ID	cookies	INTEGER
TIMES
ID	price	REAL
SEMICOLON
ID	tax	REAL
ASSIGN
ID	subtotal	REAL
TIMES
REAL_CONST	0.101
SEMICOLON
ID	total	REAL
ASSIGN
ID	subtotal	REAL
PLUS
ID	tax	REAL
SEMICOLON
PRINT
QUOTE
STRING	the subtotal is 
QUOTE
SEMICOLON
PRINT
ID	subtotal	REAL
SEMICOLON
PRINT
QUOTE
STRING	the tax is 
QUOTE
SEMICOLON
PRINT
ID	tax	REAL
SEMICOLON
PRINT
QUOTE
STRING	total to pay is 
QUOTE
SEMICOLON
PRINT
ID	total	REAL
